<?xml version="1.0" encoding="UTF-8"?>
<!-- Generated by org.testng.reporters.JUnitReportReporter -->
<testsuite skipped="0" hostname="DESKTOP-JHIPHOI" name="com.training.sanity.tests.logintestcase" tests="1" failures="0" timestamp="01 Aug 2019 07:04:01 GMT" time="26.710" errors="0">
  <testcase name="loginscenario" time="26.710" classname="com.training.sanity.tests.logintestcase"/>
</testsuite> <!-- com.training.sanity.tests.logintestcase -->
