<?xml version="1.0" encoding="UTF-8"?>
<!-- Generated by org.testng.reporters.JUnitReportReporter -->
<testsuite skipped="0" hostname="DESKTOP-JHIPHOI" name="com.training.sanity.tests.editpreviousdetails" tests="1" failures="0" timestamp="29 Jul 2019 10:47:36 GMT" time="21.528" errors="0">
  <testcase name="logintomyorderpage" time="21.528" classname="com.training.sanity.tests.editpreviousdetails"/>
</testsuite> <!-- com.training.sanity.tests.editpreviousdetails -->
