<?xml version="1.0" encoding="UTF-8"?>
<!-- Generated by org.testng.reporters.JUnitReportReporter -->
<testsuite skipped="0" hostname="DESKTOP-JHIPHOI" name="com.training.sanity.tests.forgotpasswordtest" tests="1" failures="0" timestamp="29 Jul 2019 09:43:46 GMT" time="20.533" errors="0">
  <testcase name="forgotpassword" time="20.533" classname="com.training.sanity.tests.forgotpasswordtest"/>
</testsuite> <!-- com.training.sanity.tests.forgotpasswordtest -->
