<?xml version="1.0" encoding="UTF-8"?>
<!-- Generated by org.testng.reporters.JUnitReportReporter -->
<testsuite skipped="0" hostname="DESKTOP-JHIPHOI" name="com.training.sanity.tests.myorderstestcase" tests="1" failures="0" timestamp="29 Jul 2019 10:31:18 GMT" time="21.190" errors="0">
  <testcase name="logintomyorderpage" time="21.190" classname="com.training.sanity.tests.myorderstestcase"/>
</testsuite> <!-- com.training.sanity.tests.myorderstestcase -->
