<?xml version="1.0" encoding="UTF-8"?>
<!-- Generated by org.testng.reporters.JUnitReportReporter -->
<testsuite skipped="0" hostname="DESKTOP-JHIPHOI" name="registration" tests="1" failures="0" timestamp="29 Jul 2019 05:50:21 GMT" time="24.359" errors="0">
  <testcase name="registerid" time="24.359" classname="registration"/>
</testsuite> <!-- registration -->
