<?xml version="1.0" encoding="UTF-8"?>
<!-- Generated by org.testng.reporters.JUnitReportReporter -->
<testsuite skipped="0" hostname="DESKTOP-JHIPHOI" name="com.training.sanity.tests.testcase2" tests="1" failures="0" timestamp="02 Aug 2019 11:01:29 GMT" time="18.755" errors="0">
  <testcase name="registerid" time="18.755" classname="com.training.sanity.tests.testcase2"/>
</testsuite> <!-- com.training.sanity.tests.testcase2 -->
