<?xml version="1.0" encoding="UTF-8"?>
<!-- Generated by org.testng.reporters.JUnitReportReporter -->
<testsuite skipped="0" hostname="DESKTOP-JHIPHOI" name="com.training.sanity.tests.sample" tests="2" failures="0" timestamp="01 Aug 2019 06:33:38 GMT" time="27.247" errors="0">
  <testcase name="testMethod" time="14.478" classname="com.training.sanity.tests.sample"/>
  <testcase name="testMethod" time="12.769" classname="com.training.sanity.tests.sample"/>
</testsuite> <!-- com.training.sanity.tests.sample -->
