<?xml version="1.0" encoding="UTF-8"?>
<!-- Generated by org.testng.reporters.JUnitReportReporter -->
<testsuite skipped="0" hostname="DESKTOP-JHIPHOI" name="com.training.sanity.tests.testcase2" tests="1" failures="0" timestamp="07 Aug 2019 04:19:11 GMT" time="22.974" errors="0">
  <testcase name="registerid" time="22.974" classname="com.training.sanity.tests.testcase2"/>
</testsuite> <!-- com.training.sanity.tests.testcase2 -->
