<?xml version="1.0" encoding="UTF-8"?>
<!-- Generated by org.testng.reporters.JUnitReportReporter -->
<testsuite skipped="0" hostname="DESKTOP-JHIPHOI" name="com.training.sanity.tests.LoginTests" tests="1" failures="0" timestamp="26 Jul 2019 02:41:28 GMT" time="21.490" errors="0">
  <testcase name="validLoginTest" time="21.490" classname="com.training.sanity.tests.LoginTests"/>
</testsuite> <!-- com.training.sanity.tests.LoginTests -->
